<?xml version="1.0" encoding="UTF-8"?>
<!-- Generated by org.testng.reporters.JUnitReportReporter -->
<testsuite hostname="LAPTOP-PHJLGDJ4" failures="0" tests="1" name="Test1" time="10.175" errors="0" timestamp="2022-04-18T12:29:31 BST" skipped="0">
  <testcase classname="Test1" name="browser_check" time="10.175"/>
  <system-out/>
</testsuite> <!-- Test1 -->
